2018-11-22 17:30:37,596 - Starting SellApplication on DESKTOP-SUJGVF7 with PID 16144 (D:\documents\git\sell\target\classes started by Judith in D:\documents\git\sell)
2018-11-22 17:30:37,605 - No active profile set, falling back to default profiles: default
2018-11-22 17:30:37,644 - Refreshing org.springframework.boot.context.embedded.AnnotationConfigEmbeddedWebApplicationContext@3023df74: startup date [Thu Nov 22 17:30:37 CST 2018]; root of context hierarchy
2018-11-22 17:30:37,834 - HV000001: Hibernate Validator 5.3.5.Final
2018-11-22 17:30:38,820 - Bean 'org.springframework.kafka.annotation.KafkaBootstrapConfiguration' of type [org.springframework.kafka.annotation.KafkaBootstrapConfiguration$$EnhancerBySpringCGLIB$$e8fd8daf] is not eligible for getting processed by all BeanPostProcessors (for example: not eligible for auto-proxying)
2018-11-22 17:30:39,107 - Tomcat initialized with port(s): 8090 (http)
2018-11-22 17:30:39,115 - Starting service Tomcat
2018-11-22 17:30:39,115 - Starting Servlet Engine: Apache Tomcat/8.5.14
2018-11-22 17:30:39,181 - Initializing Spring embedded WebApplicationContext
2018-11-22 17:30:39,181 - Root WebApplicationContext: initialization completed in 1537 ms
2018-11-22 17:30:39,290 - Mapping servlet: 'dispatcherServlet' to [/]
2018-11-22 17:30:39,292 - Mapping filter: 'characterEncodingFilter' to: [/*]
2018-11-22 17:30:39,293 - Mapping filter: 'hiddenHttpMethodFilter' to: [/*]
2018-11-22 17:30:39,293 - Mapping filter: 'httpPutFormContentFilter' to: [/*]
2018-11-22 17:30:39,293 - Mapping filter: 'requestContextFilter' to: [/*]
2018-11-22 17:30:39,293 - Mapping filter: 'openEntityManagerInViewFilter' to: [/*]
2018-11-22 17:30:39,792 - Building JPA container EntityManagerFactory for persistence unit 'default'
2018-11-22 17:30:39,802 - HHH000204: Processing PersistenceUnitInfo [
	name: default
	...]
2018-11-22 17:30:39,896 - HHH000412: Hibernate Core {5.0.12.Final}
2018-11-22 17:30:39,897 - HHH000206: hibernate.properties not found
2018-11-22 17:30:39,897 - HHH000021: Bytecode provider name : javassist
2018-11-22 17:30:39,957 - HCANN000001: Hibernate Commons Annotations {5.0.1.Final}
2018-11-22 17:30:40,095 - HHH000400: Using dialect: org.hibernate.dialect.MySQL5Dialect
2018-11-22 17:30:40,473 - Initialized JPA EntityManagerFactory for persistence unit 'default'
2018-11-22 17:30:40,931 - Looking for @ControllerAdvice: org.springframework.boot.context.embedded.AnnotationConfigEmbeddedWebApplicationContext@3023df74: startup date [Thu Nov 22 17:30:37 CST 2018]; root of context hierarchy
2018-11-22 17:30:40,976 - Mapped "{[/error]}" onto public org.springframework.http.ResponseEntity<java.util.Map<java.lang.String, java.lang.Object>> org.springframework.boot.autoconfigure.web.BasicErrorController.error(javax.servlet.http.HttpServletRequest)
2018-11-22 17:30:40,976 - Mapped "{[/error],produces=[text/html]}" onto public org.springframework.web.servlet.ModelAndView org.springframework.boot.autoconfigure.web.BasicErrorController.errorHtml(javax.servlet.http.HttpServletRequest,javax.servlet.http.HttpServletResponse)
2018-11-22 17:30:40,992 - Mapped URL path [/webjars/**] onto handler of type [class org.springframework.web.servlet.resource.ResourceHttpRequestHandler]
2018-11-22 17:30:40,993 - Mapped URL path [/**] onto handler of type [class org.springframework.web.servlet.resource.ResourceHttpRequestHandler]
2018-11-22 17:30:41,012 - Mapped URL path [/**/favicon.ico] onto handler of type [class org.springframework.web.servlet.resource.ResourceHttpRequestHandler]
2018-11-22 17:30:41,177 - Registering beans for JMX exposure on startup
2018-11-22 17:30:41,195 - Starting beans in phase 2147483647
2018-11-22 17:30:41,203 - No TaskScheduler/ScheduledExecutorService bean found for scheduled processing
2018-11-22 17:30:41,217 - Initializing ProtocolHandler ["http-nio-8090"]
2018-11-22 17:30:41,229 - Starting ProtocolHandler ["http-nio-8090"]
2018-11-22 17:30:41,241 - Using a shared selector for servlet write/read
2018-11-22 17:30:41,282 - Tomcat started on port(s): 8090 (http)
2018-11-22 17:30:41,295 - Started SellApplication in 4.051 seconds (JVM running for 4.547)
2018-11-22 17:30:42,006 - ProducerConfig values: 
	acks = 1
	batch.size = 16384
	block.on.buffer.full = false
	bootstrap.servers = [120.77.180.187:9092]
	buffer.memory = 33554432
	client.id = 
	compression.type = none
	connections.max.idle.ms = 540000
	interceptor.classes = null
	key.serializer = class org.apache.kafka.common.serialization.StringSerializer
	linger.ms = 0
	max.block.ms = 60000
	max.in.flight.requests.per.connection = 5
	max.request.size = 1048576
	metadata.fetch.timeout.ms = 60000
	metadata.max.age.ms = 300000
	metric.reporters = []
	metrics.num.samples = 2
	metrics.sample.window.ms = 30000
	partitioner.class = class org.apache.kafka.clients.producer.internals.DefaultPartitioner
	receive.buffer.bytes = 32768
	reconnect.backoff.ms = 50
	request.timeout.ms = 30000
	retries = 0
	retry.backoff.ms = 100
	sasl.kerberos.kinit.cmd = /usr/bin/kinit
	sasl.kerberos.min.time.before.relogin = 60000
	sasl.kerberos.service.name = null
	sasl.kerberos.ticket.renew.jitter = 0.05
	sasl.kerberos.ticket.renew.window.factor = 0.8
	sasl.mechanism = GSSAPI
	security.protocol = PLAINTEXT
	send.buffer.bytes = 131072
	ssl.cipher.suites = null
	ssl.enabled.protocols = [TLSv1.2, TLSv1.1, TLSv1]
	ssl.endpoint.identification.algorithm = null
	ssl.key.password = null
	ssl.keymanager.algorithm = SunX509
	ssl.keystore.location = null
	ssl.keystore.password = null
	ssl.keystore.type = JKS
	ssl.protocol = TLS
	ssl.provider = null
	ssl.secure.random.implementation = null
	ssl.trustmanager.algorithm = PKIX
	ssl.truststore.location = null
	ssl.truststore.password = null
	ssl.truststore.type = JKS
	timeout.ms = 30000
	value.serializer = class org.apache.kafka.common.serialization.StringSerializer

2018-11-22 17:30:42,009 - ProducerConfig values: 
	acks = 1
	batch.size = 16384
	block.on.buffer.full = false
	bootstrap.servers = [120.77.180.187:9092]
	buffer.memory = 33554432
	client.id = producer-1
	compression.type = none
	connections.max.idle.ms = 540000
	interceptor.classes = null
	key.serializer = class org.apache.kafka.common.serialization.StringSerializer
	linger.ms = 0
	max.block.ms = 60000
	max.in.flight.requests.per.connection = 5
	max.request.size = 1048576
	metadata.fetch.timeout.ms = 60000
	metadata.max.age.ms = 300000
	metric.reporters = []
	metrics.num.samples = 2
	metrics.sample.window.ms = 30000
	partitioner.class = class org.apache.kafka.clients.producer.internals.DefaultPartitioner
	receive.buffer.bytes = 32768
	reconnect.backoff.ms = 50
	request.timeout.ms = 30000
	retries = 0
	retry.backoff.ms = 100
	sasl.kerberos.kinit.cmd = /usr/bin/kinit
	sasl.kerberos.min.time.before.relogin = 60000
	sasl.kerberos.service.name = null
	sasl.kerberos.ticket.renew.jitter = 0.05
	sasl.kerberos.ticket.renew.window.factor = 0.8
	sasl.mechanism = GSSAPI
	security.protocol = PLAINTEXT
	send.buffer.bytes = 131072
	ssl.cipher.suites = null
	ssl.enabled.protocols = [TLSv1.2, TLSv1.1, TLSv1]
	ssl.endpoint.identification.algorithm = null
	ssl.key.password = null
	ssl.keymanager.algorithm = SunX509
	ssl.keystore.location = null
	ssl.keystore.password = null
	ssl.keystore.type = JKS
	ssl.protocol = TLS
	ssl.provider = null
	ssl.secure.random.implementation = null
	ssl.trustmanager.algorithm = PKIX
	ssl.truststore.location = null
	ssl.truststore.password = null
	ssl.truststore.type = JKS
	timeout.ms = 30000
	value.serializer = class org.apache.kafka.common.serialization.StringSerializer

2018-11-22 17:30:42,024 - Kafka version : 0.10.1.1
2018-11-22 17:30:42,024 - Kafka commitId : f10ef2720b03b247
2018-11-22 17:32:49,521 - Starting SellApplication on DESKTOP-SUJGVF7 with PID 19380 (D:\documents\git\sell\target\classes started by Judith in D:\documents\git\sell)
2018-11-22 17:32:49,523 - No active profile set, falling back to default profiles: default
2018-11-22 17:32:49,542 - Refreshing org.springframework.boot.context.embedded.AnnotationConfigEmbeddedWebApplicationContext@3023df74: startup date [Thu Nov 22 17:32:49 CST 2018]; root of context hierarchy
2018-11-22 17:32:49,642 - HV000001: Hibernate Validator 5.3.5.Final
2018-11-22 17:32:50,047 - Bean 'org.springframework.kafka.annotation.KafkaBootstrapConfiguration' of type [org.springframework.kafka.annotation.KafkaBootstrapConfiguration$$EnhancerBySpringCGLIB$$e8fd8daf] is not eligible for getting processed by all BeanPostProcessors (for example: not eligible for auto-proxying)
2018-11-22 17:32:50,187 - Tomcat initialized with port(s): 8090 (http)
2018-11-22 17:32:50,194 - Starting service Tomcat
2018-11-22 17:32:50,194 - Starting Servlet Engine: Apache Tomcat/8.5.14
2018-11-22 17:32:50,245 - Initializing Spring embedded WebApplicationContext
2018-11-22 17:32:50,245 - Root WebApplicationContext: initialization completed in 703 ms
2018-11-22 17:32:50,331 - Mapping servlet: 'dispatcherServlet' to [/]
2018-11-22 17:32:50,333 - Mapping filter: 'characterEncodingFilter' to: [/*]
2018-11-22 17:32:50,334 - Mapping filter: 'hiddenHttpMethodFilter' to: [/*]
2018-11-22 17:32:50,334 - Mapping filter: 'httpPutFormContentFilter' to: [/*]
2018-11-22 17:32:50,334 - Mapping filter: 'requestContextFilter' to: [/*]
2018-11-22 17:32:50,334 - Mapping filter: 'openEntityManagerInViewFilter' to: [/*]
2018-11-22 17:32:50,584 - Building JPA container EntityManagerFactory for persistence unit 'default'
2018-11-22 17:32:50,591 - HHH000204: Processing PersistenceUnitInfo [
	name: default
	...]
2018-11-22 17:32:50,623 - HHH000412: Hibernate Core {5.0.12.Final}
2018-11-22 17:32:50,624 - HHH000206: hibernate.properties not found
2018-11-22 17:32:50,624 - HHH000021: Bytecode provider name : javassist
2018-11-22 17:32:50,644 - HCANN000001: Hibernate Commons Annotations {5.0.1.Final}
2018-11-22 17:32:50,694 - HHH000400: Using dialect: org.hibernate.dialect.MySQL5Dialect
2018-11-22 17:32:50,912 - Initialized JPA EntityManagerFactory for persistence unit 'default'
2018-11-22 17:32:51,170 - Looking for @ControllerAdvice: org.springframework.boot.context.embedded.AnnotationConfigEmbeddedWebApplicationContext@3023df74: startup date [Thu Nov 22 17:32:49 CST 2018]; root of context hierarchy
2018-11-22 17:32:51,197 - Mapped "{[/error]}" onto public org.springframework.http.ResponseEntity<java.util.Map<java.lang.String, java.lang.Object>> org.springframework.boot.autoconfigure.web.BasicErrorController.error(javax.servlet.http.HttpServletRequest)
2018-11-22 17:32:51,198 - Mapped "{[/error],produces=[text/html]}" onto public org.springframework.web.servlet.ModelAndView org.springframework.boot.autoconfigure.web.BasicErrorController.errorHtml(javax.servlet.http.HttpServletRequest,javax.servlet.http.HttpServletResponse)
2018-11-22 17:32:51,213 - Mapped URL path [/webjars/**] onto handler of type [class org.springframework.web.servlet.resource.ResourceHttpRequestHandler]
2018-11-22 17:32:51,213 - Mapped URL path [/**] onto handler of type [class org.springframework.web.servlet.resource.ResourceHttpRequestHandler]
2018-11-22 17:32:51,232 - Mapped URL path [/**/favicon.ico] onto handler of type [class org.springframework.web.servlet.resource.ResourceHttpRequestHandler]
2018-11-22 17:32:51,385 - Registering beans for JMX exposure on startup
2018-11-22 17:32:51,389 - Starting beans in phase 2147483647
2018-11-22 17:32:51,400 - Initializing ProtocolHandler ["http-nio-8090"]
2018-11-22 17:32:51,404 - Starting ProtocolHandler ["http-nio-8090"]
2018-11-22 17:32:51,411 - Using a shared selector for servlet write/read
2018-11-22 17:32:51,419 - Tomcat started on port(s): 8090 (http)
2018-11-22 17:32:51,422 - Started SellApplication in 2.106 seconds (JVM running for 2.976)
2018-11-22 17:33:15,354 - Starting SellApplication on DESKTOP-SUJGVF7 with PID 17884 (D:\documents\git\sell\target\classes started by Judith in D:\documents\git\sell)
2018-11-22 17:33:15,354 - No active profile set, falling back to default profiles: default
2018-11-22 17:33:15,376 - Refreshing org.springframework.boot.context.embedded.AnnotationConfigEmbeddedWebApplicationContext@313ac989: startup date [Thu Nov 22 17:33:15 CST 2018]; root of context hierarchy
2018-11-22 17:33:15,474 - HV000001: Hibernate Validator 5.3.5.Final
2018-11-22 17:33:15,928 - Bean 'org.springframework.kafka.annotation.KafkaBootstrapConfiguration' of type [org.springframework.kafka.annotation.KafkaBootstrapConfiguration$$EnhancerBySpringCGLIB$$e533ecc0] is not eligible for getting processed by all BeanPostProcessors (for example: not eligible for auto-proxying)
2018-11-22 17:33:16,093 - Tomcat initialized with port(s): 8090 (http)
2018-11-22 17:33:16,102 - Starting service Tomcat
2018-11-22 17:33:16,102 - Starting Servlet Engine: Apache Tomcat/8.5.14
2018-11-22 17:33:16,151 - Initializing Spring embedded WebApplicationContext
2018-11-22 17:33:16,151 - Root WebApplicationContext: initialization completed in 775 ms
2018-11-22 17:33:16,247 - Mapping servlet: 'dispatcherServlet' to [/]
2018-11-22 17:33:16,249 - Mapping filter: 'characterEncodingFilter' to: [/*]
2018-11-22 17:33:16,249 - Mapping filter: 'hiddenHttpMethodFilter' to: [/*]
2018-11-22 17:33:16,249 - Mapping filter: 'httpPutFormContentFilter' to: [/*]
2018-11-22 17:33:16,249 - Mapping filter: 'requestContextFilter' to: [/*]
2018-11-22 17:33:16,250 - Mapping filter: 'openEntityManagerInViewFilter' to: [/*]
2018-11-22 17:33:16,523 - Building JPA container EntityManagerFactory for persistence unit 'default'
2018-11-22 17:33:16,531 - HHH000204: Processing PersistenceUnitInfo [
	name: default
	...]
2018-11-22 17:33:16,565 - HHH000412: Hibernate Core {5.0.12.Final}
2018-11-22 17:33:16,566 - HHH000206: hibernate.properties not found
2018-11-22 17:33:16,566 - HHH000021: Bytecode provider name : javassist
2018-11-22 17:33:16,587 - HCANN000001: Hibernate Commons Annotations {5.0.1.Final}
2018-11-22 17:33:16,640 - HHH000400: Using dialect: org.hibernate.dialect.MySQL5Dialect
2018-11-22 17:33:16,867 - Initialized JPA EntityManagerFactory for persistence unit 'default'
2018-11-22 17:33:17,127 - Looking for @ControllerAdvice: org.springframework.boot.context.embedded.AnnotationConfigEmbeddedWebApplicationContext@313ac989: startup date [Thu Nov 22 17:33:15 CST 2018]; root of context hierarchy
2018-11-22 17:33:17,155 - Mapped "{[/error]}" onto public org.springframework.http.ResponseEntity<java.util.Map<java.lang.String, java.lang.Object>> org.springframework.boot.autoconfigure.web.BasicErrorController.error(javax.servlet.http.HttpServletRequest)
2018-11-22 17:33:17,155 - Mapped "{[/error],produces=[text/html]}" onto public org.springframework.web.servlet.ModelAndView org.springframework.boot.autoconfigure.web.BasicErrorController.errorHtml(javax.servlet.http.HttpServletRequest,javax.servlet.http.HttpServletResponse)
2018-11-22 17:33:17,171 - Mapped URL path [/webjars/**] onto handler of type [class org.springframework.web.servlet.resource.ResourceHttpRequestHandler]
2018-11-22 17:33:17,171 - Mapped URL path [/**] onto handler of type [class org.springframework.web.servlet.resource.ResourceHttpRequestHandler]
2018-11-22 17:33:17,190 - Mapped URL path [/**/favicon.ico] onto handler of type [class org.springframework.web.servlet.resource.ResourceHttpRequestHandler]
2018-11-22 17:33:17,312 - Registering beans for JMX exposure on startup
2018-11-22 17:33:17,316 - Starting beans in phase 2147483647
2018-11-22 17:33:17,320 - No TaskScheduler/ScheduledExecutorService bean found for scheduled processing
2018-11-22 17:33:17,325 - Initializing ProtocolHandler ["http-nio-8090"]
2018-11-22 17:33:17,329 - Starting ProtocolHandler ["http-nio-8090"]
2018-11-22 17:33:17,336 - Using a shared selector for servlet write/read
2018-11-22 17:33:17,344 - Tomcat started on port(s): 8090 (http)
2018-11-22 17:33:17,347 - Started SellApplication in 2.202 seconds (JVM running for 2.572)
2018-11-22 17:33:18,022 - ProducerConfig values: 
	acks = 1
	batch.size = 16384
	block.on.buffer.full = false
	bootstrap.servers = [120.77.180.187:9092]
	buffer.memory = 33554432
	client.id = 
	compression.type = none
	connections.max.idle.ms = 540000
	interceptor.classes = null
	key.serializer = class org.apache.kafka.common.serialization.StringSerializer
	linger.ms = 0
	max.block.ms = 60000
	max.in.flight.requests.per.connection = 5
	max.request.size = 1048576
	metadata.fetch.timeout.ms = 60000
	metadata.max.age.ms = 300000
	metric.reporters = []
	metrics.num.samples = 2
	metrics.sample.window.ms = 30000
	partitioner.class = class org.apache.kafka.clients.producer.internals.DefaultPartitioner
	receive.buffer.bytes = 32768
	reconnect.backoff.ms = 50
	request.timeout.ms = 30000
	retries = 0
	retry.backoff.ms = 100
	sasl.kerberos.kinit.cmd = /usr/bin/kinit
	sasl.kerberos.min.time.before.relogin = 60000
	sasl.kerberos.service.name = null
	sasl.kerberos.ticket.renew.jitter = 0.05
	sasl.kerberos.ticket.renew.window.factor = 0.8
	sasl.mechanism = GSSAPI
	security.protocol = PLAINTEXT
	send.buffer.bytes = 131072
	ssl.cipher.suites = null
	ssl.enabled.protocols = [TLSv1.2, TLSv1.1, TLSv1]
	ssl.endpoint.identification.algorithm = null
	ssl.key.password = null
	ssl.keymanager.algorithm = SunX509
	ssl.keystore.location = null
	ssl.keystore.password = null
	ssl.keystore.type = JKS
	ssl.protocol = TLS
	ssl.provider = null
	ssl.secure.random.implementation = null
	ssl.trustmanager.algorithm = PKIX
	ssl.truststore.location = null
	ssl.truststore.password = null
	ssl.truststore.type = JKS
	timeout.ms = 30000
	value.serializer = class org.apache.kafka.common.serialization.StringSerializer

2018-11-22 17:33:18,028 - ProducerConfig values: 
	acks = 1
	batch.size = 16384
	block.on.buffer.full = false
	bootstrap.servers = [120.77.180.187:9092]
	buffer.memory = 33554432
	client.id = producer-1
	compression.type = none
	connections.max.idle.ms = 540000
	interceptor.classes = null
	key.serializer = class org.apache.kafka.common.serialization.StringSerializer
	linger.ms = 0
	max.block.ms = 60000
	max.in.flight.requests.per.connection = 5
	max.request.size = 1048576
	metadata.fetch.timeout.ms = 60000
	metadata.max.age.ms = 300000
	metric.reporters = []
	metrics.num.samples = 2
	metrics.sample.window.ms = 30000
	partitioner.class = class org.apache.kafka.clients.producer.internals.DefaultPartitioner
	receive.buffer.bytes = 32768
	reconnect.backoff.ms = 50
	request.timeout.ms = 30000
	retries = 0
	retry.backoff.ms = 100
	sasl.kerberos.kinit.cmd = /usr/bin/kinit
	sasl.kerberos.min.time.before.relogin = 60000
	sasl.kerberos.service.name = null
	sasl.kerberos.ticket.renew.jitter = 0.05
	sasl.kerberos.ticket.renew.window.factor = 0.8
	sasl.mechanism = GSSAPI
	security.protocol = PLAINTEXT
	send.buffer.bytes = 131072
	ssl.cipher.suites = null
	ssl.enabled.protocols = [TLSv1.2, TLSv1.1, TLSv1]
	ssl.endpoint.identification.algorithm = null
	ssl.key.password = null
	ssl.keymanager.algorithm = SunX509
	ssl.keystore.location = null
	ssl.keystore.password = null
	ssl.keystore.type = JKS
	ssl.protocol = TLS
	ssl.provider = null
	ssl.secure.random.implementation = null
	ssl.trustmanager.algorithm = PKIX
	ssl.truststore.location = null
	ssl.truststore.password = null
	ssl.truststore.type = JKS
	timeout.ms = 30000
	value.serializer = class org.apache.kafka.common.serialization.StringSerializer

2018-11-22 17:33:18,047 - Kafka version : 0.10.1.1
2018-11-22 17:33:18,047 - Kafka commitId : f10ef2720b03b247
2018-11-22 17:55:29,627 - Starting SellApplication on DESKTOP-SUJGVF7 with PID 5752 (D:\documents\git\sell\target\classes started by Judith in D:\documents\git\sell)
2018-11-22 17:55:29,629 - No active profile set, falling back to default profiles: default
2018-11-22 17:55:29,659 - Refreshing org.springframework.boot.context.embedded.AnnotationConfigEmbeddedWebApplicationContext@3a4621bd: startup date [Thu Nov 22 17:55:29 CST 2018]; root of context hierarchy
2018-11-22 17:55:29,782 - HV000001: Hibernate Validator 5.3.5.Final
2018-11-22 17:55:30,277 - Bean 'org.springframework.kafka.annotation.KafkaBootstrapConfiguration' of type [org.springframework.kafka.annotation.KafkaBootstrapConfiguration$$EnhancerBySpringCGLIB$$40d17b23] is not eligible for getting processed by all BeanPostProcessors (for example: not eligible for auto-proxying)
2018-11-22 17:55:30,464 - Tomcat initialized with port(s): 8090 (http)
2018-11-22 17:55:30,472 - Starting service Tomcat
2018-11-22 17:55:30,472 - Starting Servlet Engine: Apache Tomcat/8.5.14
2018-11-22 17:55:30,523 - Initializing Spring embedded WebApplicationContext
2018-11-22 17:55:30,523 - Root WebApplicationContext: initialization completed in 864 ms
2018-11-22 17:55:30,642 - Mapping servlet: 'dispatcherServlet' to [/]
2018-11-22 17:55:30,645 - Mapping filter: 'characterEncodingFilter' to: [/*]
2018-11-22 17:55:30,645 - Mapping filter: 'hiddenHttpMethodFilter' to: [/*]
2018-11-22 17:55:30,645 - Mapping filter: 'httpPutFormContentFilter' to: [/*]
2018-11-22 17:55:30,645 - Mapping filter: 'requestContextFilter' to: [/*]
2018-11-22 17:55:30,645 - Mapping filter: 'openEntityManagerInViewFilter' to: [/*]
2018-11-22 17:55:30,938 - Building JPA container EntityManagerFactory for persistence unit 'default'
2018-11-22 17:55:30,945 - HHH000204: Processing PersistenceUnitInfo [
	name: default
	...]
2018-11-22 17:55:30,983 - HHH000412: Hibernate Core {5.0.12.Final}
2018-11-22 17:55:30,984 - HHH000206: hibernate.properties not found
2018-11-22 17:55:30,984 - HHH000021: Bytecode provider name : javassist
2018-11-22 17:55:31,008 - HCANN000001: Hibernate Commons Annotations {5.0.1.Final}
2018-11-22 17:55:31,078 - HHH000400: Using dialect: org.hibernate.dialect.MySQL5Dialect
2018-11-22 17:55:31,337 - Initialized JPA EntityManagerFactory for persistence unit 'default'
2018-11-22 17:55:31,708 - Looking for @ControllerAdvice: org.springframework.boot.context.embedded.AnnotationConfigEmbeddedWebApplicationContext@3a4621bd: startup date [Thu Nov 22 17:55:29 CST 2018]; root of context hierarchy
2018-11-22 17:55:31,749 - Mapped "{[/error]}" onto public org.springframework.http.ResponseEntity<java.util.Map<java.lang.String, java.lang.Object>> org.springframework.boot.autoconfigure.web.BasicErrorController.error(javax.servlet.http.HttpServletRequest)
2018-11-22 17:55:31,749 - Mapped "{[/error],produces=[text/html]}" onto public org.springframework.web.servlet.ModelAndView org.springframework.boot.autoconfigure.web.BasicErrorController.errorHtml(javax.servlet.http.HttpServletRequest,javax.servlet.http.HttpServletResponse)
2018-11-22 17:55:31,783 - Mapped URL path [/webjars/**] onto handler of type [class org.springframework.web.servlet.resource.ResourceHttpRequestHandler]
2018-11-22 17:55:31,783 - Mapped URL path [/**] onto handler of type [class org.springframework.web.servlet.resource.ResourceHttpRequestHandler]
2018-11-22 17:55:31,816 - Mapped URL path [/**/favicon.ico] onto handler of type [class org.springframework.web.servlet.resource.ResourceHttpRequestHandler]
2018-11-22 17:55:32,083 - Registering beans for JMX exposure on startup
2018-11-22 17:55:32,088 - Starting beans in phase 2147483647
2018-11-22 17:55:32,092 - No TaskScheduler/ScheduledExecutorService bean found for scheduled processing
2018-11-22 17:55:32,098 - Initializing ProtocolHandler ["http-nio-8090"]
2018-11-22 17:55:32,103 - Starting ProtocolHandler ["http-nio-8090"]
2018-11-22 17:55:32,109 - Using a shared selector for servlet write/read
2018-11-22 17:55:32,118 - Tomcat started on port(s): 8090 (http)
2018-11-22 17:55:32,121 - Started SellApplication in 2.747 seconds (JVM running for 3.177)
2018-11-22 17:55:39,990 - ProducerConfig values: 
	acks = 1
	batch.size = 16384
	block.on.buffer.full = false
	bootstrap.servers = [120.77.180.187:9092]
	buffer.memory = 33554432
	client.id = 
	compression.type = none
	connections.max.idle.ms = 540000
	interceptor.classes = null
	key.serializer = class org.apache.kafka.common.serialization.StringSerializer
	linger.ms = 0
	max.block.ms = 60000
	max.in.flight.requests.per.connection = 5
	max.request.size = 1048576
	metadata.fetch.timeout.ms = 60000
	metadata.max.age.ms = 300000
	metric.reporters = []
	metrics.num.samples = 2
	metrics.sample.window.ms = 30000
	partitioner.class = class org.apache.kafka.clients.producer.internals.DefaultPartitioner
	receive.buffer.bytes = 32768
	reconnect.backoff.ms = 50
	request.timeout.ms = 30000
	retries = 0
	retry.backoff.ms = 100
	sasl.kerberos.kinit.cmd = /usr/bin/kinit
	sasl.kerberos.min.time.before.relogin = 60000
	sasl.kerberos.service.name = null
	sasl.kerberos.ticket.renew.jitter = 0.05
	sasl.kerberos.ticket.renew.window.factor = 0.8
	sasl.mechanism = GSSAPI
	security.protocol = PLAINTEXT
	send.buffer.bytes = 131072
	ssl.cipher.suites = null
	ssl.enabled.protocols = [TLSv1.2, TLSv1.1, TLSv1]
	ssl.endpoint.identification.algorithm = null
	ssl.key.password = null
	ssl.keymanager.algorithm = SunX509
	ssl.keystore.location = null
	ssl.keystore.password = null
	ssl.keystore.type = JKS
	ssl.protocol = TLS
	ssl.provider = null
	ssl.secure.random.implementation = null
	ssl.trustmanager.algorithm = PKIX
	ssl.truststore.location = null
	ssl.truststore.password = null
	ssl.truststore.type = JKS
	timeout.ms = 30000
	value.serializer = class org.apache.kafka.common.serialization.StringSerializer

2018-11-22 17:55:40,004 - ProducerConfig values: 
	acks = 1
	batch.size = 16384
	block.on.buffer.full = false
	bootstrap.servers = [120.77.180.187:9092]
	buffer.memory = 33554432
	client.id = producer-1
	compression.type = none
	connections.max.idle.ms = 540000
	interceptor.classes = null
	key.serializer = class org.apache.kafka.common.serialization.StringSerializer
	linger.ms = 0
	max.block.ms = 60000
	max.in.flight.requests.per.connection = 5
	max.request.size = 1048576
	metadata.fetch.timeout.ms = 60000
	metadata.max.age.ms = 300000
	metric.reporters = []
	metrics.num.samples = 2
	metrics.sample.window.ms = 30000
	partitioner.class = class org.apache.kafka.clients.producer.internals.DefaultPartitioner
	receive.buffer.bytes = 32768
	reconnect.backoff.ms = 50
	request.timeout.ms = 30000
	retries = 0
	retry.backoff.ms = 100
	sasl.kerberos.kinit.cmd = /usr/bin/kinit
	sasl.kerberos.min.time.before.relogin = 60000
	sasl.kerberos.service.name = null
	sasl.kerberos.ticket.renew.jitter = 0.05
	sasl.kerberos.ticket.renew.window.factor = 0.8
	sasl.mechanism = GSSAPI
	security.protocol = PLAINTEXT
	send.buffer.bytes = 131072
	ssl.cipher.suites = null
	ssl.enabled.protocols = [TLSv1.2, TLSv1.1, TLSv1]
	ssl.endpoint.identification.algorithm = null
	ssl.key.password = null
	ssl.keymanager.algorithm = SunX509
	ssl.keystore.location = null
	ssl.keystore.password = null
	ssl.keystore.type = JKS
	ssl.protocol = TLS
	ssl.provider = null
	ssl.secure.random.implementation = null
	ssl.trustmanager.algorithm = PKIX
	ssl.truststore.location = null
	ssl.truststore.password = null
	ssl.truststore.type = JKS
	timeout.ms = 30000
	value.serializer = class org.apache.kafka.common.serialization.StringSerializer

2018-11-22 17:55:40,073 - Kafka version : 0.10.1.1
2018-11-22 17:55:40,073 - Kafka commitId : f10ef2720b03b247
